2023-10-08 14:40:08,646 [INFO] Activator:176 - 


2023-10-08 14:40:08,648 [INFO] Activator:177 - !SESSION log4j initialized
2023-10-08 14:40:10,109 [ERROR] LogOutputStream:75 - [STDERR_REDIRECT] Warning: NLS unused message: GitHistoryPage_ResetMenuLabel in: org.eclipse.egit.ui.internal.uitext
2023-10-08 14:40:10,111 [ERROR] LogOutputStream:75 - [STDERR_REDIRECT] Warning: NLS unused message: GitPreferenceRoot_MergeGroupHeader in: org.eclipse.egit.ui.internal.uitext
2023-10-08 14:40:10,116 [ERROR] LogOutputStream:75 - [STDERR_REDIRECT] Warning: NLS unused message: GitPreferenceRoot_SshClient_Jsch_Label in: org.eclipse.egit.ui.internal.uitext
2023-10-08 14:40:10,120 [ERROR] LogOutputStream:75 - [STDERR_REDIRECT] Warning: NLS unused message: FetchGerritChangePage_CreatingBranchTaskName in: org.eclipse.egit.ui.internal.uitext
2023-10-08 14:40:10,123 [ERROR] LogOutputStream:75 - [STDERR_REDIRECT] Warning: NLS unused message: FetchGerritChangePage_UriLabel in: org.eclipse.egit.ui.internal.uitext
2023-10-08 14:40:10,736 [ERROR] LogOutputStream:75 - [STDERR_REDIRECT] Warning: NLS unused message: ActivitiesPreferencePage_advancedDialogTitle in: org.eclipse.ui.internal.activities.ws.messages
2023-10-08 14:40:10,738 [ERROR] LogOutputStream:75 - [STDERR_REDIRECT] Warning: NLS unused message: ActivitiesPreferencePage_advancedButton in: org.eclipse.ui.internal.activities.ws.messages
2023-10-08 14:40:11,114 [INFO] LogOutputStream:77 - [STDOUT_REDIRECT] 
2023-10-08 14:40:11,879 [ERROR] LogOutputStream:75 - [STDERR_REDIRECT] Warning: NLS unused message: ExceptionOccurrencesFinder_no_exception in: org.eclipse.jdt.internal.ui.search.SearchMessages
2023-10-08 14:40:11,898 [ERROR] LogOutputStream:75 - [STDERR_REDIRECT] Warning: NLS unused message: ExceptionOccurrencesFinder_searchfor in: org.eclipse.jdt.internal.ui.search.SearchMessages
2023-10-08 14:40:11,913 [ERROR] LogOutputStream:75 - [STDERR_REDIRECT] Warning: NLS unused message: ExceptionOccurrencesFinder_label_singular in: org.eclipse.jdt.internal.ui.search.SearchMessages
2023-10-08 14:40:11,921 [ERROR] LogOutputStream:75 - [STDERR_REDIRECT] Warning: NLS unused message: ExceptionOccurrencesFinder_label_plural in: org.eclipse.jdt.internal.ui.search.SearchMessages
2023-10-08 14:40:11,932 [ERROR] LogOutputStream:75 - [STDERR_REDIRECT] Warning: NLS unused message: ExceptionOccurrencesFinder_occurrence_description in: org.eclipse.jdt.internal.ui.search.SearchMessages
2023-10-08 14:40:11,937 [ERROR] LogOutputStream:75 - [STDERR_REDIRECT] Warning: NLS unused message: ImplementOccurrencesFinder_invalidTarget in: org.eclipse.jdt.internal.ui.search.SearchMessages
2023-10-08 14:40:11,941 [ERROR] LogOutputStream:75 - [STDERR_REDIRECT] Warning: NLS unused message: ImplementOccurrencesFinder_searchfor in: org.eclipse.jdt.internal.ui.search.SearchMessages
2023-10-08 14:40:11,945 [ERROR] LogOutputStream:75 - [STDERR_REDIRECT] Warning: NLS unused message: ImplementOccurrencesFinder_label_singular in: org.eclipse.jdt.internal.ui.search.SearchMessages
2023-10-08 14:40:11,952 [ERROR] LogOutputStream:75 - [STDERR_REDIRECT] Warning: NLS unused message: ImplementOccurrencesFinder_label_plural in: org.eclipse.jdt.internal.ui.search.SearchMessages
2023-10-08 14:40:11,957 [ERROR] LogOutputStream:75 - [STDERR_REDIRECT] Warning: NLS unused message: ImplementOccurrencesFinder_occurrence_description in: org.eclipse.jdt.internal.ui.search.SearchMessages
2023-10-08 14:40:11,959 [ERROR] LogOutputStream:75 - [STDERR_REDIRECT] Warning: NLS unused message: MethodExitsFinder_job_label in: org.eclipse.jdt.internal.ui.search.SearchMessages
2023-10-08 14:40:11,961 [ERROR] LogOutputStream:75 - [STDERR_REDIRECT] Warning: NLS unused message: MethodExitsFinder_label_plural in: org.eclipse.jdt.internal.ui.search.SearchMessages
2023-10-08 14:40:11,965 [ERROR] LogOutputStream:75 - [STDERR_REDIRECT] Warning: NLS unused message: MethodExitsFinder_label_singular in: org.eclipse.jdt.internal.ui.search.SearchMessages
2023-10-08 14:40:11,968 [ERROR] LogOutputStream:75 - [STDERR_REDIRECT] Warning: NLS unused message: MethodExitsFinder_no_return_type_selected in: org.eclipse.jdt.internal.ui.search.SearchMessages
2023-10-08 14:40:11,970 [ERROR] LogOutputStream:75 - [STDERR_REDIRECT] Warning: NLS unused message: MethodExitsFinder_occurrence_exit_description in: org.eclipse.jdt.internal.ui.search.SearchMessages
2023-10-08 14:40:11,972 [ERROR] LogOutputStream:75 - [STDERR_REDIRECT] Warning: NLS unused message: MethodExitsFinder_occurrence_return_description in: org.eclipse.jdt.internal.ui.search.SearchMessages
2023-10-08 14:40:11,977 [ERROR] LogOutputStream:75 - [STDERR_REDIRECT] Warning: NLS unused message: BreakContinueTargetFinder_break_label_plural in: org.eclipse.jdt.internal.ui.search.SearchMessages
2023-10-08 14:40:11,979 [ERROR] LogOutputStream:75 - [STDERR_REDIRECT] Warning: NLS unused message: BreakContinueTargetFinder_break_label_singular in: org.eclipse.jdt.internal.ui.search.SearchMessages
2023-10-08 14:40:11,981 [ERROR] LogOutputStream:75 - [STDERR_REDIRECT] Warning: NLS unused message: BreakContinueTargetFinder_cannot_highlight in: org.eclipse.jdt.internal.ui.search.SearchMessages
2023-10-08 14:40:11,985 [ERROR] LogOutputStream:75 - [STDERR_REDIRECT] Warning: NLS unused message: BreakContinueTargetFinder_continue_label_plural in: org.eclipse.jdt.internal.ui.search.SearchMessages
2023-10-08 14:40:11,987 [ERROR] LogOutputStream:75 - [STDERR_REDIRECT] Warning: NLS unused message: BreakContinueTargetFinder_continue_label_singular in: org.eclipse.jdt.internal.ui.search.SearchMessages
2023-10-08 14:40:11,989 [ERROR] LogOutputStream:75 - [STDERR_REDIRECT] Warning: NLS unused message: BreakContinueTargetFinder_job_label in: org.eclipse.jdt.internal.ui.search.SearchMessages
2023-10-08 14:40:11,991 [ERROR] LogOutputStream:75 - [STDERR_REDIRECT] Warning: NLS unused message: BreakContinueTargetFinder_no_break_or_continue_selected in: org.eclipse.jdt.internal.ui.search.SearchMessages
2023-10-08 14:40:11,994 [ERROR] LogOutputStream:75 - [STDERR_REDIRECT] Warning: NLS unused message: BreakContinueTargetFinder_occurrence_description in: org.eclipse.jdt.internal.ui.search.SearchMessages
2023-10-08 14:40:14,091 [INFO] ApplicationProperties:184 - Using Application install path: D:\ST\STM32CubeIDE_1.12.1\STM32CubeIDE\plugins\com.st.stm32cube.common.mx_6.9.2.202309101412
2023-10-08 14:40:14,107 [INFO] DbMcusXml:78 - Set database path to: D:\ST\STM32CubeIDE_1.12.1\STM32CubeIDE\plugins\com.st.stm32cube.common.mx_6.9.2.202309101412\\db\/mcu/
2023-10-08 14:40:14,107 [INFO] ApiDb:274 - Set plugin database path to: D:\ST\STM32CubeIDE_1.12.1\STM32CubeIDE\plugins\com.st.stm32cube.common.mx_6.9.2.202309101412\\db\/plugins/boardmanager/
2023-10-08 14:40:14,107 [WARN] ApiDb:259 - Overriding images path with different value:  => D:\ST\STM32CubeIDE_1.12.1\STM32CubeIDE\plugins\com.st.stm32cube.common.mx_6.9.2.202309101412\\db\/plugins/mcufinder/images/
2023-10-08 14:40:14,115 [INFO] ApiDb:250 - Set database path to: C:\Users\DZ\.stmcufinder\plugins\mcufinder//mcu/
2023-10-08 14:40:14,116 [INFO] DbMcusAds:125 - Set database path to: C:\Users\DZ\.stmcufinder\plugins\mcufinder//mcu/
2023-10-08 14:40:14,118 [INFO] CrossReferenceDbSqlite:203 - Set database path to: C:\Users\DZ\.stmcufinder\plugins\mcufinder//mcu/cs/
2023-10-08 14:40:14,238 [INFO] RulesReader:64 - Compatibility file has been processed (293 Rules)
2023-10-08 14:40:14,330 [INFO] DbMcusXml:78 - Set database path to: D:\ST\STM32CubeIDE_1.12.1\STM32CubeIDE\plugins\com.st.stm32cube.common.mx_6.9.2.202309101412\\db\/mcu/
2023-10-08 14:40:14,330 [INFO] ApiDb:274 - Set plugin database path to: D:\ST\STM32CubeIDE_1.12.1\STM32CubeIDE\plugins\com.st.stm32cube.common.mx_6.9.2.202309101412\\db\/plugins/boardmanager/
2023-10-08 14:40:14,331 [INFO] ApiDb:261 - Set plugin images path to: D:\ST\STM32CubeIDE_1.12.1\STM32CubeIDE\plugins\com.st.stm32cube.common.mx_6.9.2.202309101412\\db\/plugins/mcufinder/images/
2023-10-08 14:40:14,331 [WARN] DbFile:41 - Overriding database path with different value: C:\Users\DZ\.stmcufinder\plugins\mcufinder/ => C:\Users\DZ\.stmcufinder\plugins\mcufinder
2023-10-08 14:40:14,331 [INFO] ApiDb:250 - Set database path to: C:\Users\DZ\.stmcufinder\plugins\mcufinder//mcu/
2023-10-08 14:40:14,331 [WARN] DbFile:41 - Overriding database path with different value: C:\Users\DZ\.stmcufinder\plugins\mcufinder/ => C:\Users\DZ\.stmcufinder\plugins\mcufinder
2023-10-08 14:40:14,331 [INFO] DbMcusAds:125 - Set database path to: C:\Users\DZ\.stmcufinder\plugins\mcufinder//mcu/
2023-10-08 14:40:14,331 [WARN] DbFile:41 - Overriding database path with different value: C:\Users\DZ\.stmcufinder\plugins\mcufinder/ => C:\Users\DZ\.stmcufinder\plugins\mcufinder
2023-10-08 14:40:14,331 [WARN] DbFile:41 - Overriding database path with different value: C:\Users\DZ\.stmcufinder\plugins\mcufinder/ => C:\Users\DZ\.stmcufinder\plugins\mcufinder
2023-10-08 14:40:14,331 [INFO] CrossReferenceDbSqlite:203 - Set database path to: C:\Users\DZ\.stmcufinder\plugins\mcufinder//mcu/cs/
2023-10-08 14:40:14,418 [INFO] MainPanel:262 - HeapMemory: 268435456
2023-10-08 14:40:14,519 [INFO] DbMcusXml:78 - Set database path to: D:\ST\STM32CubeIDE_1.12.1\STM32CubeIDE\plugins\com.st.stm32cube.common.mx_6.9.2.202309101412\\db\/mcu/
2023-10-08 14:40:14,519 [INFO] ApiDb:274 - Set plugin database path to: D:\ST\STM32CubeIDE_1.12.1\STM32CubeIDE\plugins\com.st.stm32cube.common.mx_6.9.2.202309101412\\db\/plugins/boardmanager/
2023-10-08 14:40:14,520 [INFO] ApiDb:261 - Set plugin images path to: D:\ST\STM32CubeIDE_1.12.1\STM32CubeIDE\plugins\com.st.stm32cube.common.mx_6.9.2.202309101412\\db\/plugins/mcufinder/images/
2023-10-08 14:40:14,520 [WARN] DbFile:41 - Overriding database path with different value: C:\Users\DZ\.stmcufinder\plugins\mcufinder/ => C:\Users\DZ\.stmcufinder\plugins\mcufinder
2023-10-08 14:40:14,520 [INFO] ApiDb:250 - Set database path to: C:\Users\DZ\.stmcufinder\plugins\mcufinder//mcu/
2023-10-08 14:40:14,520 [WARN] DbFile:41 - Overriding database path with different value: C:\Users\DZ\.stmcufinder\plugins\mcufinder/ => C:\Users\DZ\.stmcufinder\plugins\mcufinder
2023-10-08 14:40:14,520 [INFO] DbMcusAds:125 - Set database path to: C:\Users\DZ\.stmcufinder\plugins\mcufinder//mcu/
2023-10-08 14:40:14,520 [WARN] DbFile:41 - Overriding database path with different value: C:\Users\DZ\.stmcufinder\plugins\mcufinder/ => C:\Users\DZ\.stmcufinder\plugins\mcufinder
2023-10-08 14:40:14,520 [WARN] DbFile:41 - Overriding database path with different value: C:\Users\DZ\.stmcufinder\plugins\mcufinder/ => C:\Users\DZ\.stmcufinder\plugins\mcufinder
2023-10-08 14:40:14,520 [INFO] CrossReferenceDbSqlite:203 - Set database path to: C:\Users\DZ\.stmcufinder\plugins\mcufinder//mcu/cs/
2023-10-08 14:40:14,539 [INFO] ApplicationProperties:184 - Using Application install path: D:\ST\STM32CubeIDE_1.12.1\STM32CubeIDE\plugins\com.st.stm32cube.common.mx_6.9.2.202309101412
2023-10-08 14:40:14,540 [INFO] PluginManage:196 - Search for loadable plugins [exclusion list=, ]
2023-10-08 14:40:14,541 [INFO] PluginManage:310 - Check plugin analytics
2023-10-08 14:40:14,751 [INFO] AnalyticsPlugin:253 - Accepted Software Licenses: 
2023-10-08 14:40:14,751 [INFO] AnalyticsPlugin:255 - Accepted CMSIS Pack Licenses: 
2023-10-08 14:40:14,752 [INFO] AnalyticsPlugin:257 - Accepted Firmware Licenses: FW.F4.1.27.0
2023-10-08 14:40:14,756 [INFO] PluginManage:359 - Loaded plugin analytics (category:tool,tabindex:-1)
2023-10-08 14:40:14,757 [INFO] PluginManage:310 - Check plugin cadmodel
2023-10-08 14:40:14,761 [INFO] CADModel:105 - Init CAD model plugin
2023-10-08 14:40:14,762 [INFO] PluginManage:359 - Loaded plugin cadmodel (category:power,tabindex:5)
2023-10-08 14:40:14,762 [INFO] PluginManage:310 - Check plugin clock
2023-10-08 14:40:14,771 [INFO] PluginManage:359 - Loaded plugin clock (category:base,tabindex:2)
2023-10-08 14:40:14,771 [INFO] PluginManage:310 - Check plugin ddr
2023-10-08 14:40:14,773 [INFO] PluginManage:359 - Loaded plugin ddr (category:tool,tabindex:6)
2023-10-08 14:40:14,773 [INFO] PluginManage:310 - Check plugin filemanager
2023-10-08 14:40:14,928 [INFO] PluginManage:359 - Loaded plugin filemanager (category:base,tabindex:10)
2023-10-08 14:40:14,929 [INFO] PluginManage:310 - Check plugin ipmanager
2023-10-08 14:40:14,937 [INFO] PluginManage:359 - Loaded plugin ipmanager (category:base,tabindex:5)
2023-10-08 14:40:14,937 [INFO] PluginManage:310 - Check plugin lpbam
2023-10-08 14:40:14,951 [INFO] PluginManage:359 - Loaded plugin lpbam (category:base,tabindex:0)
2023-10-08 14:40:14,951 [INFO] PluginManage:310 - Check plugin memorymap
2023-10-08 14:40:14,964 [INFO] PluginManage:359 - Loaded plugin memorymap (category:base,tabindex:4)
2023-10-08 14:40:14,964 [INFO] PluginManage:310 - Check plugin pinoutandconfiguration
2023-10-08 14:40:14,976 [INFO] PluginManage:359 - Loaded plugin pinoutandconfiguration (category:base,tabindex:1)
2023-10-08 14:40:14,976 [INFO] PluginManage:310 - Check plugin pinoutconfig
2023-10-08 14:40:15,081 [WARN] SupportedApi:132 - Cannot load RTOS API schema: s4s-elt-must-match.1: The content of 'definitions' must match (annotation?, (simpleType | complexType)?, (unique | key | keyref)*)). A problem was found starting at: attribute.
2023-10-08 14:40:15,234 [INFO] PluginManage:359 - Loaded plugin pinoutconfig (category:base,tabindex:0)
2023-10-08 14:40:15,234 [INFO] PluginManage:310 - Check plugin power
2023-10-08 14:40:15,244 [INFO] PluginManage:359 - Loaded plugin power (category:power,tabindex:4)
2023-10-08 14:40:15,244 [INFO] PluginManage:310 - Check plugin projectmanager
2023-10-08 14:40:15,258 [INFO] PluginManage:359 - Loaded plugin projectmanager (category:projectmanager,tabindex:3)
2023-10-08 14:40:15,258 [INFO] PluginManage:310 - Check plugin thirdparty
2023-10-08 14:40:15,410 [WARN] IntegrityCheckThread:84 - waiting for thirdparty lock release [integrity check]
2023-10-08 14:40:15,411 [INFO] IntegrityCheckThread:86 - entering critical section [integrity check]
2023-10-08 14:40:15,411 [INFO] PluginManage:359 - Loaded plugin thirdparty (category:base,tabindex:-1)
2023-10-08 14:40:15,411 [INFO] PluginManage:310 - Check plugin tools
2023-10-08 14:40:15,411 [INFO] ThirdPartyUpdaterWithRetryManager:70 - Updater plugin not ready yet. [1/15]
2023-10-08 14:40:15,416 [INFO] PluginManage:359 - Loaded plugin tools (category:base,tabindex:7)
2023-10-08 14:40:15,416 [INFO] PluginManage:310 - Check plugin tutovideos
2023-10-08 14:40:15,649 [INFO] PluginManage:359 - Loaded plugin tutovideos (category:base,tabindex:-1)
2023-10-08 14:40:15,650 [INFO] PluginManage:310 - Check plugin updater
2023-10-08 14:40:15,673 [INFO] PluginManage:359 - Loaded plugin updater (category:base,tabindex:12)
2023-10-08 14:40:15,673 [INFO] PluginManage:310 - Check plugin userauth
2023-10-08 14:40:15,677 [INFO] UserAuth:113 - Init User Auth plugin
2023-10-08 14:40:15,677 [INFO] PluginManage:359 - Loaded plugin userauth (category:base,tabindex:14)
2023-10-08 14:40:15,678 [INFO] PluginManage:283 - PluginManage : Loaded plugins [17]
2023-10-08 14:40:15,882 [INFO] PinOutPanel:1499 - setPackage(No Configuration,No Configuration)
2023-10-08 14:40:15,971 [INFO] CADModel:165 - CPN selected for project level
2023-10-08 14:40:15,971 [INFO] CADModel:114 - Register for checkConnection events
2023-10-08 14:40:15,983 [INFO] IPUIPlugin:80 - create IPUIPlugin
2023-10-08 14:40:15,983 [INFO] PluginManager:220 - loadIPPluginJar : add adc
2023-10-08 14:40:15,986 [INFO] IPUIPlugin:80 - create IPUIPlugin
2023-10-08 14:40:15,986 [INFO] PluginManager:220 - loadIPPluginJar : add aes
2023-10-08 14:40:15,988 [INFO] IPUIPlugin:80 - create IPUIPlugin
2023-10-08 14:40:15,988 [INFO] PluginManager:220 - loadIPPluginJar : add can
2023-10-08 14:40:15,989 [INFO] IPUIPlugin:80 - create IPUIPlugin
2023-10-08 14:40:15,990 [INFO] PluginManager:220 - loadIPPluginJar : add comp
2023-10-08 14:40:15,991 [INFO] IPUIPlugin:80 - create IPUIPlugin
2023-10-08 14:40:15,991 [INFO] PluginManager:220 - loadIPPluginJar : add cryp
2023-10-08 14:40:15,993 [INFO] IPUIPlugin:80 - create IPUIPlugin
2023-10-08 14:40:15,993 [INFO] PluginManager:220 - loadIPPluginJar : add dfsdm
2023-10-08 14:40:15,998 [INFO] IPUIPlugin:80 - create IPUIPlugin
2023-10-08 14:40:15,998 [INFO] PluginManager:220 - loadIPPluginJar : add dma
2023-10-08 14:40:16,000 [INFO] IPUIPlugin:80 - create IPUIPlugin
2023-10-08 14:40:16,000 [INFO] PluginManager:220 - loadIPPluginJar : add dma3
2023-10-08 14:40:16,001 [INFO] IPUIPlugin:80 - create IPUIPlugin
2023-10-08 14:40:16,002 [INFO] PluginManager:220 - loadIPPluginJar : add fatfs
2023-10-08 14:40:16,005 [INFO] IPUIPlugin:80 - create IPUIPlugin
2023-10-08 14:40:16,006 [INFO] PluginManager:220 - loadIPPluginJar : add fmc
2023-10-08 14:40:16,010 [INFO] IPUIPlugin:80 - create IPUIPlugin
2023-10-08 14:40:16,010 [INFO] PluginManager:220 - loadIPPluginJar : add freertos
2023-10-08 14:40:16,011 [INFO] IPUIPlugin:80 - create IPUIPlugin
2023-10-08 14:40:16,011 [INFO] PluginManager:220 - loadIPPluginJar : add genericplugin
2023-10-08 14:40:16,012 [INFO] IPUIPlugin:80 - create IPUIPlugin
2023-10-08 14:40:16,012 [INFO] PluginManager:220 - loadIPPluginJar : add gfxmmu
2023-10-08 14:40:16,016 [INFO] IPUIPlugin:80 - create IPUIPlugin
2023-10-08 14:40:16,016 [INFO] PluginManager:220 - loadIPPluginJar : add gic
2023-10-08 14:40:16,019 [INFO] IPUIPlugin:80 - create IPUIPlugin
2023-10-08 14:40:16,019 [INFO] PluginManager:220 - loadIPPluginJar : add gpio
2023-10-08 14:40:16,021 [INFO] IPUIPlugin:80 - create IPUIPlugin
2023-10-08 14:40:16,021 [INFO] PluginManager:220 - loadIPPluginJar : add gtzc
2023-10-08 14:40:16,022 [INFO] IPUIPlugin:80 - create IPUIPlugin
2023-10-08 14:40:16,023 [INFO] PluginManager:220 - loadIPPluginJar : add hash
2023-10-08 14:40:16,025 [INFO] IPUIPlugin:80 - create IPUIPlugin
2023-10-08 14:40:16,025 [INFO] PluginManager:220 - loadIPPluginJar : add i2c
2023-10-08 14:40:16,027 [INFO] IPUIPlugin:80 - create IPUIPlugin
2023-10-08 14:40:16,027 [INFO] PluginManager:220 - loadIPPluginJar : add i2s
2023-10-08 14:40:16,030 [INFO] IPUIPlugin:80 - create IPUIPlugin
2023-10-08 14:40:16,030 [INFO] PluginManager:220 - loadIPPluginJar : add i3c
2023-10-08 14:40:16,033 [INFO] IPUIPlugin:80 - create IPUIPlugin
2023-10-08 14:40:16,033 [INFO] PluginManager:220 - loadIPPluginJar : add ipddr
2023-10-08 14:40:16,039 [INFO] IPUIPlugin:80 - create IPUIPlugin
2023-10-08 14:40:16,039 [INFO] PluginManager:220 - loadIPPluginJar : add linkedlist
2023-10-08 14:40:16,041 [INFO] IPUIPlugin:80 - create IPUIPlugin
2023-10-08 14:40:16,042 [INFO] PluginManager:220 - loadIPPluginJar : add lorawan
2023-10-08 14:40:16,043 [INFO] IPUIPlugin:80 - create IPUIPlugin
2023-10-08 14:40:16,043 [INFO] PluginManager:220 - loadIPPluginJar : add ltdc
2023-10-08 14:40:16,047 [INFO] IPUIPlugin:80 - create IPUIPlugin
2023-10-08 14:40:16,047 [INFO] PluginManager:220 - loadIPPluginJar : add mdma
2023-10-08 14:40:16,050 [INFO] IPUIPlugin:80 - create IPUIPlugin
2023-10-08 14:40:16,050 [INFO] PluginManager:220 - loadIPPluginJar : add nvic
2023-10-08 14:40:16,052 [INFO] IPUIPlugin:80 - create IPUIPlugin
2023-10-08 14:40:16,052 [INFO] PluginManager:220 - loadIPPluginJar : add opamp
2023-10-08 14:40:16,053 [INFO] IPUIPlugin:80 - create IPUIPlugin
2023-10-08 14:40:16,053 [INFO] PluginManager:220 - loadIPPluginJar : add openamp
2023-10-08 14:40:16,055 [INFO] IPUIPlugin:80 - create IPUIPlugin
2023-10-08 14:40:16,055 [INFO] PluginManager:220 - loadIPPluginJar : add pdm2pcm
2023-10-08 14:40:16,059 [INFO] IPUIPlugin:80 - create IPUIPlugin
2023-10-08 14:40:16,060 [INFO] PluginManager:220 - loadIPPluginJar : add plateformsettings
2023-10-08 14:40:16,061 [INFO] IPUIPlugin:80 - create IPUIPlugin
2023-10-08 14:40:16,061 [INFO] PluginManager:220 - loadIPPluginJar : add quadspi
2023-10-08 14:40:16,063 [INFO] IPUIPlugin:80 - create IPUIPlugin
2023-10-08 14:40:16,063 [INFO] PluginManager:220 - loadIPPluginJar : add resmgrutility
2023-10-08 14:40:16,065 [INFO] IPUIPlugin:80 - create IPUIPlugin
2023-10-08 14:40:16,065 [INFO] PluginManager:220 - loadIPPluginJar : add sai
2023-10-08 14:40:16,066 [INFO] IPUIPlugin:80 - create IPUIPlugin
2023-10-08 14:40:16,066 [INFO] PluginManager:220 - loadIPPluginJar : add spi
2023-10-08 14:40:16,069 [INFO] IPUIPlugin:80 - create IPUIPlugin
2023-10-08 14:40:16,069 [INFO] PluginManager:220 - loadIPPluginJar : add stm32_wpan
2023-10-08 14:40:16,070 [INFO] IPUIPlugin:80 - create IPUIPlugin
2023-10-08 14:40:16,070 [INFO] PluginManager:220 - loadIPPluginJar : add tim
2023-10-08 14:40:16,073 [INFO] IPUIPlugin:80 - create IPUIPlugin
2023-10-08 14:40:16,073 [INFO] PluginManager:220 - loadIPPluginJar : add touchsensing
2023-10-08 14:40:16,074 [INFO] IPUIPlugin:80 - create IPUIPlugin
2023-10-08 14:40:16,075 [INFO] PluginManager:220 - loadIPPluginJar : add tracer_emb
2023-10-08 14:40:16,076 [INFO] IPUIPlugin:80 - create IPUIPlugin
2023-10-08 14:40:16,076 [INFO] PluginManager:220 - loadIPPluginJar : add ts
2023-10-08 14:40:16,077 [INFO] IPUIPlugin:80 - create IPUIPlugin
2023-10-08 14:40:16,077 [INFO] PluginManager:220 - loadIPPluginJar : add tsc
2023-10-08 14:40:16,078 [INFO] IPUIPlugin:80 - create IPUIPlugin
2023-10-08 14:40:16,078 [INFO] PluginManager:220 - loadIPPluginJar : add ucpd
2023-10-08 14:40:16,079 [INFO] IPUIPlugin:80 - create IPUIPlugin
2023-10-08 14:40:16,079 [INFO] PluginManager:220 - loadIPPluginJar : add usart
2023-10-08 14:40:16,081 [INFO] IPUIPlugin:80 - create IPUIPlugin
2023-10-08 14:40:16,081 [INFO] PluginManager:220 - loadIPPluginJar : add usbx
2023-10-08 14:40:16,200 [INFO] CADModel:165 - CPN selected for project level
2023-10-08 14:40:16,200 [INFO] CADModel:114 - Register for checkConnection events
2023-10-08 14:40:16,200 [FATAL] Updater:308 - Updater called before beeing initialized
2023-10-08 14:40:16,200 [ERROR] CADModel:125 - Updater not yet initialized, retry later 
2023-10-08 14:40:16,333 [INFO] CADModel:165 - CPN selected for project level
2023-10-08 14:40:16,333 [INFO] CADModel:114 - Register for checkConnection events
2023-10-08 14:40:16,333 [FATAL] Updater:308 - Updater called before beeing initialized
2023-10-08 14:40:16,333 [ERROR] CADModel:125 - Updater not yet initialized, retry later 
2023-10-08 14:40:16,335 [FATAL] Updater:308 - Updater called before beeing initialized
2023-10-08 14:40:16,453 [FATAL] Updater:308 - Updater called before beeing initialized
2023-10-08 14:40:16,468 [INFO] DbMcusAds:53 - JSON generation date=Thu Sep 30 14:55:09 CST 2021 (1632984909247)
2023-10-08 14:40:16,468 [FATAL] Updater:308 - Updater called before beeing initialized
2023-10-08 14:40:16,501 [WARN] DetailPanel:346 - Failed to get advertising image, set to default
2023-10-08 14:40:16,602 [FATAL] Updater:308 - Updater called before beeing initialized
2023-10-08 14:40:16,603 [FATAL] Updater:308 - Updater called before beeing initialized
2023-10-08 14:40:16,603 [FATAL] Updater:308 - Updater called before beeing initialized
2023-10-08 14:40:16,603 [WARN] DetailPanel:346 - Failed to get advertising image, set to default
2023-10-08 14:40:16,604 [FATAL] Updater:308 - Updater called before beeing initialized
2023-10-08 14:40:16,654 [ERROR] Updater:1120 - MainUpdater not yet initialized. External WinMGr cannot be set.
2023-10-08 14:40:16,656 [INFO] Updater:1056 - Updater Version found : 6.9.2
2023-10-08 14:40:16,674 [INFO] ApplicationProperties:184 - Using Application install path: D:\ST\STM32CubeIDE_1.12.1\STM32CubeIDE\plugins\com.st.stm32cube.common.mx_6.9.2.202309101412
2023-10-08 14:40:17,824 [INFO] MainUpdater:2868 - connection check result : 10
2023-10-08 14:40:17,825 [INFO] MainUpdater:285 - Updater Check For Update Now.
2023-10-08 14:40:17,825 [INFO] MicroXplorer:498 - Change Database Version : DB.6.0.92
2023-10-08 14:40:17,831 [INFO] McuFinderGlobals:63 - Set McuFinder mode to 2 (CubeIDE integrated)
2023-10-08 14:40:17,831 [INFO] UserAuth:179 - activating auth plugin
2023-10-08 14:40:17,834 [INFO] UserAuth:393 - Internet connection configuration mode: 1
2023-10-08 14:40:17,886 [INFO] JxBrowserEngine:151 - Initiate JxBrowser Engine with user profile folder
2023-10-08 14:40:18,033 [INFO] CheckServerUpdateThread:120 - End of CheckServer Thread
2023-10-08 14:40:18,572 [WARN] PackLoader:240 - Cannot read IP mode file for STMicroelectronics.X-CUBE-SMBUS.2.1.0
2023-10-08 14:40:18,633 [WARN] PackLoader:240 - Cannot read IP mode file for STMicroelectronics.X-CUBE-AZRTOS-F7.1.1.0
2023-10-08 14:40:18,666 [WARN] PackLoader:240 - Cannot read IP mode file for STMicroelectronics.FP-SNS-MOTENV1.4.3.2
2023-10-08 14:40:18,680 [WARN] PackLoader:240 - Cannot read IP mode file for STMicroelectronics.FP-SNS-FLIGHT1.5.0.2
2023-10-08 14:40:18,699 [WARN] PackLoader:240 - Cannot read IP mode file for STMicroelectronics.X-CUBE-DISPLAY.3.0.0
2023-10-08 14:40:18,730 [WARN] PackLoader:240 - Cannot read IP mode file for STMicroelectronics.X-CUBE-BLE1.7.0.0
2023-10-08 14:40:18,743 [WARN] PackLoader:240 - Cannot read IP mode file for emotas.I-CUBE-CANOPEN.1.3.0
2023-10-08 14:40:18,758 [WARN] PackLoader:240 - Cannot read IP mode file for STMicroelectronics.X-CUBE-TOUCHGFX.4.22.0
2023-10-08 14:40:18,768 [WARN] PackLoader:240 - Cannot read IP mode file for STMicroelectronics.X-CUBE-TOUCHGFX.4.22.1
2023-10-08 14:40:18,779 [WARN] PackLoader:240 - Cannot read IP mode file for STMicroelectronics.FP-SNS-SMARTAG2.1.2.0
2023-10-08 14:40:18,800 [INFO] LogOutputStream:77 - [STDOUT_REDIRECT] 1 : Invalid condition id : UX_CORESTACK_Condition cause : null
2023-10-08 14:40:18,801 [INFO] LogOutputStream:77 - [STDOUT_REDIRECT] 1 : Invalid condition id : UX_CORESTACK_Condition cause : null
2023-10-08 14:40:18,803 [INFO] LogOutputStream:77 - [STDOUT_REDIRECT] 1 : Invalid condition id : UX_CORESTACK_Condition cause : null
2023-10-08 14:40:18,804 [INFO] LogOutputStream:77 - [STDOUT_REDIRECT] 1 : Invalid condition id : UX_CORESTACK_Condition cause : null
2023-10-08 14:40:18,805 [INFO] LogOutputStream:77 - [STDOUT_REDIRECT] 1 : Invalid condition id : UX_CORESTACK_Condition cause : null
2023-10-08 14:40:18,808 [WARN] PackLoader:240 - Cannot read IP mode file for STMicroelectronics.X-CUBE-AZRTOS-WL.2.0.0
2023-10-08 14:40:18,829 [WARN] PackLoader:240 - Cannot read IP mode file for WES.I-CUBE-Cesium.1.3.0
2023-10-08 14:40:18,842 [WARN] PackLoader:240 - Cannot read IP mode file for STMicroelectronics.X-CUBE-BLE2.3.3.0
2023-10-08 14:40:18,856 [WARN] PackLoader:240 - Cannot read IP mode file for STMicroelectronics.X-CUBE-ALGOBUILD.1.3.0
2023-10-08 14:40:18,880 [WARN] PackLoader:240 - Cannot read IP mode file for STMicroelectronics.X-CUBE-AZRTOS-G0.1.1.0
2023-10-08 14:40:18,897 [WARN] PackLoader:240 - Cannot read IP mode file for STMicroelectronics.X-CUBE-NFC4.3.0.0
2023-10-08 14:40:18,912 [WARN] PackLoader:240 - Cannot read IP mode file for STMicroelectronics.FP-ATR-SIGFOX1.3.2.0
2023-10-08 14:40:18,943 [WARN] PackLoader:240 - Cannot read IP mode file for SEGGER.I-CUBE-embOS.1.3.1
2023-10-08 14:40:18,979 [WARN] PackLoader:240 - Cannot read IP mode file for STMicroelectronics.X-CUBE-GNSS1.6.0.0
2023-10-08 14:40:19,004 [WARN] PackLoader:240 - Cannot read IP mode file for STMicroelectronics.X-CUBE-AZRTOS-F4.1.1.0
2023-10-08 14:40:19,015 [WARN] PackLoader:240 - Cannot read IP mode file for wolfSSL.I-CUBE-wolfSSL.5.6.3
2023-10-08 14:40:19,039 [WARN] PackLoader:240 - Cannot read IP mode file for STMicroelectronics.X-CUBE-AZRTOS-L5.2.0.0
2023-10-08 14:40:19,092 [WARN] PackLoader:240 - Cannot read IP mode file for STMicroelectronics.X-CUBE-MEMS1.9.6.0
2023-10-08 14:40:19,261 [WARN] PackLoader:240 - Cannot read IP mode file for ITTIA_DB.I-CUBE-ITTIADB.8.8.0
2023-10-08 14:40:19,276 [WARN] PackLoader:240 - Cannot read IP mode file for STMicroelectronics.X-CUBE-BLEMGR.2.0.0
2023-10-08 14:40:19,303 [WARN] ConditionMgr:438 - getConditionDescription Invalid condition id : UX DEVICE CLASS RTOS Condition cause : null
2023-10-08 14:40:19,303 [WARN] ConditionMgr:438 - getConditionDescription Invalid condition id : UX DEVICE CLASS RTOS Condition cause : null
2023-10-08 14:40:19,305 [WARN] PackLoader:240 - Cannot read IP mode file for STMicroelectronics.X-CUBE-AZRTOS-H7.3.1.0
2023-10-08 14:40:19,307 [WARN] ConditionMgr:1039 - genDependencies : Invalid condition id : UX DEVICE CLASS RTOS Condition cause : null
2023-10-08 14:40:19,307 [WARN] ConditionMgr:1039 - genDependencies : Invalid condition id : UX DEVICE CLASS RTOS Condition cause : null
2023-10-08 14:40:19,307 [WARN] ConditionMgr:1039 - genDependencies : Invalid condition id : UX DEVICE CLASS RTOS Condition cause : null
2023-10-08 14:40:19,308 [WARN] ConditionMgr:1039 - genDependencies : Invalid condition id : UX DEVICE CLASS RTOS Condition cause : null
2023-10-08 14:40:19,308 [WARN] ConditionMgr:1039 - genDependencies : Invalid condition id : UX DEVICE CLASS RTOS Condition cause : null
2023-10-08 14:40:19,323 [WARN] PackLoader:240 - Cannot read IP mode file for STMicroelectronics.X-CUBE-NFC7.1.0.1
2023-10-08 14:40:19,338 [WARN] PackLoader:240 - Cannot read IP mode file for STMicroelectronics.X-CUBE-NFC6.3.0.0
2023-10-08 14:40:19,352 [WARN] PackLoader:240 - Cannot read IP mode file for STMicroelectronics.X-CUBE-EEPRMA1.4.1.0
2023-10-08 14:40:19,364 [WARN] PackLoader:240 - Cannot read IP mode file for STMicroelectronics.X-CUBE-AI.8.1.0
2023-10-08 14:40:19,386 [WARN] ConditionMgr:438 - getConditionDescription Invalid condition id : LAN8742 Phy interface Condition cause : null
2023-10-08 14:40:19,387 [WARN] PackLoader:240 - Cannot read IP mode file for STMicroelectronics.X-CUBE-AZRTOS-L4.2.0.0
2023-10-08 14:40:19,387 [WARN] ConditionMgr:1039 - genDependencies : Invalid condition id : LAN8742 Phy interface Condition cause : null
2023-10-08 14:40:19,388 [WARN] ConditionMgr:1039 - genDependencies : Invalid condition id : LAN8742 Phy interface Condition cause : null
2023-10-08 14:40:19,388 [WARN] ConditionMgr:1039 - genDependencies : Invalid condition id : LAN8742 Phy interface Condition cause : null
2023-10-08 14:40:19,399 [WARN] PackLoader:240 - Cannot read IP mode file for STMicroelectronics.X-CUBE-SFXS2LP1.4.0.0
2023-10-08 14:40:19,409 [WARN] PackLoader:240 - Cannot read IP mode file for STMicroelectronics.X-CUBE-ISPU.1.1.0
2023-10-08 14:40:19,426 [WARN] ConditionMgr:438 - getConditionDescription Invalid condition id : UX DEVICE CLASS RTOS Condition cause : null
2023-10-08 14:40:19,426 [WARN] ConditionMgr:438 - getConditionDescription Invalid condition id : UX DEVICE CLASS RTOS Condition cause : null
2023-10-08 14:40:19,427 [WARN] PackLoader:240 - Cannot read IP mode file for STMicroelectronics.X-CUBE-AZRTOS-WB.2.0.0
2023-10-08 14:40:19,427 [WARN] ConditionMgr:1039 - genDependencies : Invalid condition id : UX DEVICE CLASS RTOS Condition cause : null
2023-10-08 14:40:19,427 [WARN] ConditionMgr:1039 - genDependencies : Invalid condition id : UX DEVICE CLASS RTOS Condition cause : null
2023-10-08 14:40:19,427 [WARN] ConditionMgr:1039 - genDependencies : Invalid condition id : UX DEVICE CLASS RTOS Condition cause : null
2023-10-08 14:40:19,428 [WARN] ConditionMgr:1039 - genDependencies : Invalid condition id : UX DEVICE CLASS RTOS Condition cause : null
2023-10-08 14:40:19,428 [WARN] ConditionMgr:1039 - genDependencies : Invalid condition id : UX DEVICE CLASS RTOS Condition cause : null
2023-10-08 14:40:19,443 [WARN] PackLoader:240 - Cannot read IP mode file for STMicroelectronics.X-CUBE-SUBG2.5.0.0
2023-10-08 14:40:19,462 [WARN] PackLoader:240 - Cannot read IP mode file for STMicroelectronics.X-CUBE-TOF1.3.3.1
2023-10-08 14:40:19,488 [WARN] PackLoader:240 - Cannot read IP mode file for STMicroelectronics.X-CUBE-AZRTOS-G4.2.0.0
2023-10-08 14:40:19,501 [WARN] PackLoader:240 - Cannot read IP mode file for STMicroelectronics.X-CUBE-FREERTOS.1.1.0
2023-10-08 14:40:19,512 [WARN] PackLoader:240 - Cannot read IP mode file for portGmbH.I-Cube-SoM-uGOAL.1.1.0
2023-10-08 14:40:19,524 [WARN] PackLoader:240 - Cannot read IP mode file for STMicroelectronics.X-CUBE-ALS.1.0.1
2023-10-08 14:40:19,535 [WARN] PackLoader:240 - Cannot read IP mode file for STMicroelectronics.FP-ATR-ASTRA1.2.0.0
2023-10-08 14:40:19,536 [INFO] ThirdParty:978 - Integrity check success = true
2023-10-08 14:40:19,536 [INFO] IntegrityCheckThread:100 - exiting critical section [integrity check]
2023-10-08 14:40:19,537 [INFO] IntegrityCheckThread:103 - End integrity checks thread
2023-10-08 14:40:20,205 [INFO] WebApp:157 - Instantiating new browser for Auth
2023-10-08 14:40:20,675 [INFO] WebApp:753 - Register for checkConnection events
2023-10-08 14:40:20,675 [INFO] WebApp:390 - Apply proxy settings
2023-10-08 14:40:20,675 [INFO] WebApp:475 - Chromium requires no authentication
2023-10-08 14:40:20,681 [INFO] WebApp:418 - Direct internet connection detected
2023-10-08 14:40:20,814 [INFO] WebApp:188 - Starting web application
2023-10-08 14:40:20,814 [INFO] WebApp:520 - Web application path used D:\ST\STM32CubeIDE_1.12.1\STM32CubeIDE\plugins\com.st.stm32cube.common.mx_6.9.2.202309101412\db\plugins\mcufinder\reactClient1\index.html
2023-10-08 14:40:21,371 [ERROR] LogOutputStream:75 - [STDERR_REDIRECT] Oct 08, 2023 2:40:21 PM org.glassfish.grizzly.http.server.NetworkListener start
2023-10-08 14:40:21,372 [ERROR] LogOutputStream:75 - [STDERR_REDIRECT] INFO: Started listener bound to [localhost:1597]
2023-10-08 14:40:21,373 [ERROR] LogOutputStream:75 - [STDERR_REDIRECT] 
2023-10-08 14:40:21,375 [ERROR] LogOutputStream:75 - [STDERR_REDIRECT] Oct 08, 2023 2:40:21 PM org.glassfish.grizzly.http.server.HttpServer start
2023-10-08 14:40:21,375 [ERROR] LogOutputStream:75 - [STDERR_REDIRECT] INFO: [HttpServer] Started.
2023-10-08 14:40:21,375 [ERROR] LogOutputStream:75 - [STDERR_REDIRECT] 
2023-10-08 14:41:33,239 [ERROR] LogOutputStream:75 - [STDERR_REDIRECT] 
2023-10-08 14:41:33,240 [ERROR] LogOutputStream:75 - [STDERR_REDIRECT] 
